Traceback (most recent call last):
  File "C:\Users\Thijs\anaconda3\envs\jupyterbook\lib\site-packages\jupyter_core\utils\__init__.py", line 154, in wrapped
    asyncio.get_running_loop()
RuntimeError: no running event loop

During handling of the above exception, another exception occurred:

Traceback (most recent call last):
  File "C:\Users\Thijs\anaconda3\envs\jupyterbook\lib\site-packages\jupyter_cache\executors\utils.py", line 58, in single_nb_execution
    executenb(
  File "C:\Users\Thijs\anaconda3\envs\jupyterbook\lib\site-packages\nbclient\client.py", line 1319, in execute
    return NotebookClient(nb=nb, resources=resources, km=km, **kwargs).execute()
  File "C:\Users\Thijs\anaconda3\envs\jupyterbook\lib\site-packages\jupyter_core\utils\__init__.py", line 158, in wrapped
    return loop.run_until_complete(inner)
  File "C:\Users\Thijs\anaconda3\envs\jupyterbook\lib\asyncio\base_events.py", line 649, in run_until_complete
    return future.result()
  File "C:\Users\Thijs\anaconda3\envs\jupyterbook\lib\site-packages\nbclient\client.py", line 709, in async_execute
    await self.async_execute_cell(
  File "C:\Users\Thijs\anaconda3\envs\jupyterbook\lib\site-packages\nbclient\client.py", line 1005, in async_execute_cell
    exec_reply = await self.task_poll_for_reply
  File "C:\Users\Thijs\anaconda3\envs\jupyterbook\lib\site-packages\nbclient\client.py", line 806, in _async_poll_for_reply
    error_on_timeout_execute_reply = await self._async_handle_timeout(timeout, cell)
  File "C:\Users\Thijs\anaconda3\envs\jupyterbook\lib\site-packages\nbclient\client.py", line 856, in _async_handle_timeout
    raise CellTimeoutError.error_from_timeout_and_cell(
nbclient.exceptions.CellTimeoutError: A cell timed out while it was being executed, after 30 seconds.
The message was: Cell execution timed out.
Here is a preview of the cell contents:
-------------------
['import plotly.graph_objs as go', 'import plotly.express as px', 'import pandas as pd', 'import plotly.io as pio', "pio.renderers.default = 'iframe_connected'"]
...
['!conda install -c conda-forge jupyter-book nbclient', '', '# Load data', "registraties_wo = pd.read_csv('04.-inschrijvingen-wo-2024.csv', sep=';')", 'pre_student_prognoses = pd.read_excel(\'studentenprognoses-2025.xlsx\', sheet_name="i v o s t h") #Selecteer de juiste sheet uit de dataset']
-------------------

